2025-05-23 16:47:13,234 [INFO] Initializing Data Collector...
2025-05-23 16:47:13,235 [INFO] Collecting all data for symbols: ['BTC-USD-PERP', 'ETH-USD-PERP', 'SOL-USD-PERP']
2025-05-23 16:47:13,235 [INFO] Fetching 30 days of 1h historical data for BTC-USD-PERP...
2025-05-23 16:47:13,334 [ERROR] Error fetching historical data: 404 {"error":"coin not found"}
2025-05-23 16:47:13,334 [WARNING] Could not fetch historical data for BTC-USD-PERP, generating simulated data
2025-05-23 16:47:13,335 [INFO] Generating 30 days of simulated 1h data for BTC-USD-PERP...
2025-05-23 16:47:13,362 [INFO] Successfully generated 721 simulated data points for BTC-USD-PERP
2025-05-23 16:47:13,362 [INFO] Fetching funding rates for BTC-USD-PERP...
2025-05-23 16:47:13,364 [INFO] Successfully fetched 22 funding rates for BTC-USD-PERP
2025-05-23 16:47:13,364 [INFO] Fetching order book for BTC-USD-PERP...
2025-05-23 16:47:13,364 [INFO] Successfully fetched order book for BTC-USD-PERP
2025-05-23 16:47:13,364 [INFO] Fetching sentiment data for BTC-USD-PERP...
2025-05-23 16:47:13,365 [INFO] Successfully fetched sentiment data for BTC-USD-PERP
2025-05-23 16:47:13,365 [INFO] Fetching 30 days of 1h historical data for ETH-USD-PERP...
2025-05-23 16:47:13,493 [ERROR] Error fetching historical data: 404 {"error":"coin not found"}
2025-05-23 16:47:13,493 [WARNING] Could not fetch historical data for ETH-USD-PERP, generating simulated data
2025-05-23 16:47:13,493 [INFO] Generating 30 days of simulated 1h data for ETH-USD-PERP...
2025-05-23 16:47:13,516 [INFO] Successfully generated 721 simulated data points for ETH-USD-PERP
2025-05-23 16:47:13,516 [INFO] Fetching funding rates for ETH-USD-PERP...
2025-05-23 16:47:13,517 [INFO] Successfully fetched 22 funding rates for ETH-USD-PERP
2025-05-23 16:47:13,518 [INFO] Fetching order book for ETH-USD-PERP...
2025-05-23 16:47:13,518 [INFO] Successfully fetched order book for ETH-USD-PERP
2025-05-23 16:47:13,518 [INFO] Fetching sentiment data for ETH-USD-PERP...
2025-05-23 16:47:13,518 [INFO] Successfully fetched sentiment data for ETH-USD-PERP
2025-05-23 16:47:13,519 [INFO] Fetching 30 days of 1h historical data for SOL-USD-PERP...
2025-05-23 16:47:13,631 [ERROR] Error fetching historical data: 404 {"error":"coin not found"}
2025-05-23 16:47:13,631 [WARNING] Could not fetch historical data for SOL-USD-PERP, generating simulated data
2025-05-23 16:47:13,631 [INFO] Generating 30 days of simulated 1h data for SOL-USD-PERP...
2025-05-23 16:47:13,654 [INFO] Successfully generated 721 simulated data points for SOL-USD-PERP
2025-05-23 16:47:13,654 [INFO] Fetching funding rates for SOL-USD-PERP...
2025-05-23 16:47:13,655 [INFO] Successfully fetched 22 funding rates for SOL-USD-PERP
2025-05-23 16:47:13,655 [INFO] Fetching order book for SOL-USD-PERP...
2025-05-23 16:47:13,656 [INFO] Successfully fetched order book for SOL-USD-PERP
2025-05-23 16:47:13,656 [INFO] Fetching sentiment data for SOL-USD-PERP...
2025-05-23 16:47:13,656 [INFO] Successfully fetched sentiment data for SOL-USD-PERP
2025-05-23 16:47:13,656 [INFO] Data collection completed
2025-05-23 16:47:44,465 [INFO] Initializing Data Collector...
2025-05-23 16:47:44,466 [INFO] Collecting all data for symbols: ['BTC-USD-PERP', 'ETH-USD-PERP', 'SOL-USD-PERP']
2025-05-23 16:47:44,466 [INFO] Fetching 30 days of 1h historical data for BTC-USD-PERP...
2025-05-23 16:47:44,571 [ERROR] Error fetching historical data: 404 {"error":"coin not found"}
2025-05-23 16:47:44,571 [WARNING] Could not fetch historical data for BTC-USD-PERP, generating simulated data
2025-05-23 16:47:44,571 [INFO] Generating 30 days of simulated 1h data for BTC-USD-PERP...
2025-05-23 16:47:44,596 [INFO] Successfully generated 721 simulated data points for BTC-USD-PERP
2025-05-23 16:47:44,596 [INFO] Fetching funding rates for BTC-USD-PERP...
2025-05-23 16:47:44,598 [INFO] Successfully fetched 22 funding rates for BTC-USD-PERP
2025-05-23 16:47:44,598 [INFO] Fetching order book for BTC-USD-PERP...
2025-05-23 16:47:44,599 [INFO] Successfully fetched order book for BTC-USD-PERP
2025-05-23 16:47:44,599 [INFO] Fetching sentiment data for BTC-USD-PERP...
2025-05-23 16:47:44,599 [INFO] Successfully fetched sentiment data for BTC-USD-PERP
2025-05-23 16:47:44,599 [INFO] Fetching 30 days of 1h historical data for ETH-USD-PERP...
2025-05-23 16:47:44,695 [ERROR] Error fetching historical data: 404 {"error":"coin not found"}
2025-05-23 16:47:44,695 [WARNING] Could not fetch historical data for ETH-USD-PERP, generating simulated data
2025-05-23 16:47:44,695 [INFO] Generating 30 days of simulated 1h data for ETH-USD-PERP...
2025-05-23 16:47:44,719 [INFO] Successfully generated 721 simulated data points for ETH-USD-PERP
2025-05-23 16:47:44,719 [INFO] Fetching funding rates for ETH-USD-PERP...
2025-05-23 16:47:44,721 [INFO] Successfully fetched 22 funding rates for ETH-USD-PERP
2025-05-23 16:47:44,721 [INFO] Fetching order book for ETH-USD-PERP...
2025-05-23 16:47:44,721 [INFO] Successfully fetched order book for ETH-USD-PERP
2025-05-23 16:47:44,721 [INFO] Fetching sentiment data for ETH-USD-PERP...
2025-05-23 16:47:44,722 [INFO] Successfully fetched sentiment data for ETH-USD-PERP
2025-05-23 16:47:44,722 [INFO] Fetching 30 days of 1h historical data for SOL-USD-PERP...
2025-05-23 16:47:44,763 [ERROR] Error fetching historical data: 429 {"status":{"error_code":429,"error_message":"You've exceeded the Rate Limit. Please visit https://www.coingecko.com/en/api/pricing to subscribe to our API plans for higher rate limits."}}
2025-05-23 16:47:44,764 [WARNING] Could not fetch historical data for SOL-USD-PERP, generating simulated data
2025-05-23 16:47:44,764 [INFO] Generating 30 days of simulated 1h data for SOL-USD-PERP...
2025-05-23 16:47:44,787 [INFO] Successfully generated 721 simulated data points for SOL-USD-PERP
2025-05-23 16:47:44,788 [INFO] Fetching funding rates for SOL-USD-PERP...
2025-05-23 16:47:44,789 [INFO] Successfully fetched 22 funding rates for SOL-USD-PERP
2025-05-23 16:47:44,789 [INFO] Fetching order book for SOL-USD-PERP...
2025-05-23 16:47:44,790 [INFO] Successfully fetched order book for SOL-USD-PERP
2025-05-23 16:47:44,790 [INFO] Fetching sentiment data for SOL-USD-PERP...
2025-05-23 16:47:44,790 [INFO] Successfully fetched sentiment data for SOL-USD-PERP
2025-05-23 16:47:44,791 [INFO] Data collection completed
2025-05-23 16:49:28,864 [INFO] Initializing Data Collector...
2025-05-23 16:49:28,864 [INFO] Collecting all data for symbols: ['BTC-USD-PERP', 'ETH-USD-PERP', 'SOL-USD-PERP']
2025-05-23 16:49:28,864 [INFO] Fetching 40 days of 1h historical data for BTC-USD-PERP...
2025-05-23 16:49:28,962 [ERROR] Error fetching historical data: 404 {"error":"coin not found"}
2025-05-23 16:49:28,962 [WARNING] Could not fetch historical data for BTC-USD-PERP, generating simulated data
2025-05-23 16:49:28,962 [INFO] Generating 40 days of simulated 1h data for BTC-USD-PERP...
2025-05-23 16:49:28,991 [INFO] Successfully generated 961 simulated data points for BTC-USD-PERP
2025-05-23 16:49:28,991 [INFO] Fetching funding rates for BTC-USD-PERP...
2025-05-23 16:49:28,993 [INFO] Successfully fetched 22 funding rates for BTC-USD-PERP
2025-05-23 16:49:28,993 [INFO] Fetching order book for BTC-USD-PERP...
2025-05-23 16:49:28,994 [INFO] Successfully fetched order book for BTC-USD-PERP
2025-05-23 16:49:28,994 [INFO] Fetching sentiment data for BTC-USD-PERP...
2025-05-23 16:49:28,994 [INFO] Successfully fetched sentiment data for BTC-USD-PERP
2025-05-23 16:49:28,994 [INFO] Fetching 40 days of 1h historical data for ETH-USD-PERP...
2025-05-23 16:49:29,078 [ERROR] Error fetching historical data: 404 {"error":"coin not found"}
2025-05-23 16:49:29,078 [WARNING] Could not fetch historical data for ETH-USD-PERP, generating simulated data
2025-05-23 16:49:29,078 [INFO] Generating 40 days of simulated 1h data for ETH-USD-PERP...
2025-05-23 16:49:29,108 [INFO] Successfully generated 961 simulated data points for ETH-USD-PERP
2025-05-23 16:49:29,108 [INFO] Fetching funding rates for ETH-USD-PERP...
2025-05-23 16:49:29,110 [INFO] Successfully fetched 22 funding rates for ETH-USD-PERP
2025-05-23 16:49:29,110 [INFO] Fetching order book for ETH-USD-PERP...
2025-05-23 16:49:29,110 [INFO] Successfully fetched order book for ETH-USD-PERP
2025-05-23 16:49:29,110 [INFO] Fetching sentiment data for ETH-USD-PERP...
2025-05-23 16:49:29,111 [INFO] Successfully fetched sentiment data for ETH-USD-PERP
2025-05-23 16:49:29,111 [INFO] Fetching 40 days of 1h historical data for SOL-USD-PERP...
2025-05-23 16:49:29,222 [ERROR] Error fetching historical data: 404 {"error":"coin not found"}
2025-05-23 16:49:29,222 [WARNING] Could not fetch historical data for SOL-USD-PERP, generating simulated data
2025-05-23 16:49:29,223 [INFO] Generating 40 days of simulated 1h data for SOL-USD-PERP...
2025-05-23 16:49:29,251 [INFO] Successfully generated 961 simulated data points for SOL-USD-PERP
2025-05-23 16:49:29,251 [INFO] Fetching funding rates for SOL-USD-PERP...
2025-05-23 16:49:29,253 [INFO] Successfully fetched 22 funding rates for SOL-USD-PERP
2025-05-23 16:49:29,253 [INFO] Fetching order book for SOL-USD-PERP...
2025-05-23 16:49:29,254 [INFO] Successfully fetched order book for SOL-USD-PERP
2025-05-23 16:49:29,254 [INFO] Fetching sentiment data for SOL-USD-PERP...
2025-05-23 16:49:29,254 [INFO] Successfully fetched sentiment data for SOL-USD-PERP
2025-05-23 16:49:29,254 [INFO] Data collection completed
2025-05-23 16:52:40,773 [INFO] Initializing Data Collector...
2025-05-23 16:52:40,773 [INFO] Collecting all data for symbols: ['BTC-USD-PERP', 'ETH-USD-PERP', 'SOL-USD-PERP']
2025-05-23 16:52:40,773 [INFO] Fetching 45 days of 1h historical data for BTC-USD-PERP...
2025-05-23 16:52:40,862 [ERROR] Error fetching historical data: 404 {"error":"coin not found"}
2025-05-23 16:52:40,862 [WARNING] Could not fetch historical data for BTC-USD-PERP, generating simulated data
2025-05-23 16:52:40,862 [INFO] Generating 45 days of simulated 1h data for BTC-USD-PERP...
2025-05-23 16:52:40,895 [INFO] Successfully generated 1081 simulated data points for BTC-USD-PERP
2025-05-23 16:52:40,895 [INFO] Fetching funding rates for BTC-USD-PERP...
2025-05-23 16:52:40,897 [INFO] Successfully fetched 22 funding rates for BTC-USD-PERP
2025-05-23 16:52:40,897 [INFO] Fetching order book for BTC-USD-PERP...
2025-05-23 16:52:40,897 [INFO] Successfully fetched order book for BTC-USD-PERP
2025-05-23 16:52:40,897 [INFO] Fetching sentiment data for BTC-USD-PERP...
2025-05-23 16:52:40,898 [INFO] Successfully fetched sentiment data for BTC-USD-PERP
2025-05-23 16:52:40,898 [INFO] Fetching 45 days of 1h historical data for ETH-USD-PERP...
2025-05-23 16:52:41,005 [ERROR] Error fetching historical data: 404 {"error":"coin not found"}
2025-05-23 16:52:41,005 [WARNING] Could not fetch historical data for ETH-USD-PERP, generating simulated data
2025-05-23 16:52:41,005 [INFO] Generating 45 days of simulated 1h data for ETH-USD-PERP...
2025-05-23 16:52:41,038 [INFO] Successfully generated 1081 simulated data points for ETH-USD-PERP
2025-05-23 16:52:41,038 [INFO] Fetching funding rates for ETH-USD-PERP...
2025-05-23 16:52:41,040 [INFO] Successfully fetched 22 funding rates for ETH-USD-PERP
2025-05-23 16:52:41,040 [INFO] Fetching order book for ETH-USD-PERP...
2025-05-23 16:52:41,040 [INFO] Successfully fetched order book for ETH-USD-PERP
2025-05-23 16:52:41,040 [INFO] Fetching sentiment data for ETH-USD-PERP...
2025-05-23 16:52:41,041 [INFO] Successfully fetched sentiment data for ETH-USD-PERP
2025-05-23 16:52:41,041 [INFO] Fetching 45 days of 1h historical data for SOL-USD-PERP...
2025-05-23 16:52:41,150 [ERROR] Error fetching historical data: 404 {"error":"coin not found"}
2025-05-23 16:52:41,150 [WARNING] Could not fetch historical data for SOL-USD-PERP, generating simulated data
2025-05-23 16:52:41,150 [INFO] Generating 45 days of simulated 1h data for SOL-USD-PERP...
2025-05-23 16:52:41,184 [INFO] Successfully generated 1081 simulated data points for SOL-USD-PERP
2025-05-23 16:52:41,184 [INFO] Fetching funding rates for SOL-USD-PERP...
2025-05-23 16:52:41,186 [INFO] Successfully fetched 22 funding rates for SOL-USD-PERP
2025-05-23 16:52:41,186 [INFO] Fetching order book for SOL-USD-PERP...
2025-05-23 16:52:41,187 [INFO] Successfully fetched order book for SOL-USD-PERP
2025-05-23 16:52:41,187 [INFO] Fetching sentiment data for SOL-USD-PERP...
2025-05-23 16:52:41,187 [INFO] Successfully fetched sentiment data for SOL-USD-PERP
2025-05-23 16:52:41,188 [INFO] Data collection completed
