2025-05-23 17:35:00,621 [INFO] Data Source Resolver initialized
2025-05-23 17:35:00,621 [INFO] Fetching data for BTC-USD-PERP, interval 1h
2025-05-23 17:35:00,621 [INFO] Fetching data for BTC-USD-PERP, interval 1h, days 30
2025-05-23 17:35:00,890 [WARNING] Error fetching data from Hyperliquid: 422 Client Error: Unprocessable Entity for url: https://api.hyperliquid.xyz/info
2025-05-23 17:35:00,925 [WARNING] Error fetching data from Binance: 451 Client Error:  for url: https://api.binance.com/api/v3/klines?symbol=BTCUSDT&interval=1h&startTime=1745444100890&endTime=1748036100890&limit=1000
2025-05-23 17:35:01,033 [WARNING] Error fetching data from CoinGecko: 401 Client Error: Unauthorized for url: https://api.coingecko.com/api/v3/coins/bitcoin/market_chart?vs_currency=usd&days=30&interval=hourly
2025-05-23 17:35:01,033 [WARNING] Generating synthetic data for BTC-USD-PERP, interval 1h
2025-05-23 17:35:01,033 [INFO] Generating synthetic data for BTC-USD-PERP, interval 1h
2025-05-23 17:35:01,116 [INFO] Data quality for BTC-USD-PERP, interval 1h: {'source': 'synthetic', 'is_synthetic': True, 'synthetic_ratio': 1.0, 'missing_values': 0.0, 'data_points': 720, 'start_date': '2025-04-23', 'end_date': '2025-05-23'}
2025-05-23 17:35:01,116 [INFO] Data shape: (720, 24)
2025-05-23 17:35:01,149 [INFO] First few rows:
                   timestamp          open  ...  stoch_d           obv
0 2025-04-23 18:35:01.033639  59766.268625  ...      NaN  0.000000e+00
1 2025-04-23 19:35:01.033639  59731.444869  ...      NaN  4.633844e+05
2 2025-04-23 20:35:01.033639  60608.575733  ...      NaN  9.278175e+05
3 2025-04-23 21:35:01.033639  61673.254260  ...      NaN  1.234415e+06
4 2025-04-23 22:35:01.033639  62082.532597  ...      NaN  1.894725e+06

[5 rows x 24 columns]
2025-05-23 17:35:01,165 [INFO] Last few rows:
                     timestamp          open  ...    stoch_d           obv
715 2025-05-23 13:35:01.033639  51285.315136  ...  36.597059  2.395981e+06
716 2025-05-23 14:35:01.033639  51907.779401  ...  43.959224  2.800626e+06
717 2025-05-23 15:35:01.033639  52072.649439  ...  61.078721  3.345046e+06
718 2025-05-23 16:35:01.033639  51541.190748  ...  72.161859  4.162045e+06
719 2025-05-23 17:35:01.033639  51262.634731  ...  81.498615  4.719849e+06

[5 rows x 24 columns]
2025-05-23 17:35:01,215 [INFO] Summary statistics:
                           timestamp          open  ...     stoch_d           obv
count                            720    720.000000  ...  705.000000  7.200000e+02
mean   2025-05-08 18:05:01.033639424  57275.201506  ...   46.530835  2.198984e+06
min       2025-04-23 18:35:01.033639  45283.552009  ...    2.834787 -1.080453e+07
25%    2025-05-01 06:20:01.033638912  50923.739784  ...   18.803571 -1.041759e+06
50%    2025-05-08 18:05:01.033638912  55501.573630  ...   42.617787  1.648478e+06
75%    2025-05-16 05:50:01.033638912  62961.166706  ...   74.329788  5.295659e+06
max       2025-05-23 17:35:01.033639  80989.675611  ...   96.680078  1.765856e+07
std                              NaN   7580.479758  ...   28.736532  5.988282e+06

[8 rows x 24 columns]
2025-05-23 17:35:01,235 [INFO] Correlation matrix:
             timestamp      open      high  ...   stoch_k   stoch_d       obv
timestamp     1.000000  0.177375  0.177320  ...  0.017701  0.014719  0.466937
open          0.177375  1.000000  0.999088  ...  0.160624  0.185663  0.884230
high          0.177320  0.999088  1.000000  ...  0.164834  0.186806  0.885100
low           0.177391  0.999060  0.998976  ...  0.165475  0.187698  0.885321
close         0.176987  0.997572  0.999021  ...  0.171305  0.190121  0.886103
volume       -0.062943  0.021396  0.020777  ...  0.024487  0.035051 -0.001182
sma_20        0.228886  0.937029  0.937703  ... -0.138937 -0.122291  0.861405
sma_50        0.288549  0.855867  0.856474  ... -0.188814 -0.190371  0.828163
sma_200       0.426956  0.235213  0.238651  ... -0.220751 -0.225865  0.416177
ema_12        0.188890  0.974463  0.975188  ... -0.026879  0.006396  0.878260
ema_26        0.204195  0.940575  0.941380  ... -0.117322 -0.098461  0.865260
macd         -0.046861  0.435042  0.434734  ...  0.537249  0.631768  0.286881
macd_signal  -0.047448  0.451352  0.450657  ...  0.306538  0.395481  0.299171
macd_hist    -0.007961  0.042035  0.043103  ...  0.787633  0.822583  0.023212
rsi          -0.010158  0.230679  0.232036  ...  0.839428  0.881864  0.156389
bb_middle     0.228886  0.937029  0.937703  ... -0.138937 -0.122291  0.861405
bb_std        0.103976  0.516483  0.514171  ... -0.079794 -0.049579  0.449520
bb_upper      0.222000  0.927451  0.927568  ... -0.138175 -0.117388  0.847419
bb_lower      0.227521  0.907841  0.909191  ... -0.133774 -0.123115  0.841142
atr           0.193733  0.822239  0.823927  ... -0.053772 -0.026246  0.779746
vwap          0.535907  0.280894  0.282335  ... -0.234106 -0.243308  0.452050
stoch_k       0.017701  0.160624  0.164834  ...  1.000000  0.934105  0.126907
stoch_d       0.014719  0.185663  0.186806  ...  0.934105  1.000000  0.138004
obv           0.466937  0.884230  0.885100  ...  0.126907  0.138004  1.000000

[24 rows x 24 columns]
2025-05-23 17:35:01,236 [INFO] Missing values:
timestamp        0
open             0
high             0
low              0
close            0
volume           0
sma_20          19
sma_50          49
sma_200        199
ema_12           0
ema_26           0
macd             0
macd_signal      0
macd_hist        0
rsi             13
bb_middle       19
bb_std          19
bb_upper        19
bb_lower        19
atr             13
vwap             0
stoch_k         13
stoch_d         15
obv              0
dtype: int64
2025-05-23 17:35:01,237 [INFO] Data types:
timestamp      datetime64[ns]
open                  float64
high                  float64
low                   float64
close                 float64
volume                float64
sma_20                float64
sma_50                float64
sma_200               float64
ema_12                float64
ema_26                float64
macd                  float64
macd_signal           float64
macd_hist             float64
rsi                   float64
bb_middle             float64
bb_std                float64
bb_upper              float64
bb_lower              float64
atr                   float64
vwap                  float64
stoch_k               float64
stoch_d               float64
obv                   float64
dtype: object
2025-05-23 17:35:01,239 [INFO] Memory usage:
Index           128
timestamp      5760
open           5760
high           5760
low            5760
close          5760
volume         5760
sma_20         5760
sma_50         5760
sma_200        5760
ema_12         5760
ema_26         5760
macd           5760
macd_signal    5760
macd_hist      5760
rsi            5760
bb_middle      5760
bb_std         5760
bb_upper       5760
bb_lower       5760
atr            5760
vwap           5760
stoch_k        5760
stoch_d        5760
obv            5760
dtype: int64
2025-05-23 17:35:01,239 [INFO] Data quality:
{'source': 'synthetic', 'is_synthetic': True, 'synthetic_ratio': 1.0, 'missing_values': 0.0, 'data_points': 720, 'start_date': '2025-04-23', 'end_date': '2025-05-23'}
2025-05-23 17:35:01,239 [INFO] Data source: synthetic
2025-05-23 17:35:01,239 [INFO] Synthetic ratio: 1.0
2025-05-23 17:35:01,239 [INFO] Missing values: 0.0
2025-05-23 17:35:01,239 [INFO] Data points: 720
2025-05-23 17:35:01,239 [INFO] Start date: 2025-04-23
2025-05-23 17:35:01,239 [INFO] End date: 2025-05-23
2025-05-23 17:37:47,053 [INFO] Data Source Resolver initialized
2025-05-23 17:37:47,053 [INFO] Fetching data for BTC-USD-PERP, interval 1h
2025-05-23 17:37:47,053 [INFO] Fetching data for BTC-USD-PERP, interval 1h, days 30
2025-05-23 17:37:47,081 [INFO] Using existing processed data for BTC-USD-PERP, interval 1h
2025-05-23 17:37:47,082 [INFO] Data quality for BTC-USD-PERP, interval 1h: {'source': 'hyperliquid', 'is_synthetic': False, 'alternative_sources': [], 'synthetic_ratio': 0.0, 'missing_values': np.float64(0.057055555555555554), 'data_points': 720, 'start_date': '2025-04-23', 'end_date': '2025-05-23'}
2025-05-23 17:37:47,082 [INFO] Data shape: (720, 25)
2025-05-23 17:37:47,099 [INFO] First few rows:
                   timestamp          open  ...           obv  rate
0 2025-04-23 18:20:41.304210  59766.268625  ...  0.000000e+00   NaN
1 2025-04-23 19:20:41.304210  59731.444869  ...  4.633844e+05   NaN
2 2025-04-23 20:20:41.304210  60608.575733  ...  9.278175e+05   NaN
3 2025-04-23 21:20:41.304210  61673.254260  ...  1.234415e+06   NaN
4 2025-04-23 22:20:41.304210  62082.532597  ...  1.894725e+06   NaN

[5 rows x 25 columns]
2025-05-23 17:37:47,114 [INFO] Last few rows:
                     timestamp          open  ...           obv      rate
715 2025-05-23 13:20:41.304210  51285.315136  ...  2.395981e+06       NaN
716 2025-05-23 14:20:41.304210  51907.779401  ...  2.800626e+06       NaN
717 2025-05-23 15:20:41.304210  52072.649439  ...  3.345046e+06       NaN
718 2025-05-23 16:20:41.304210  51541.190748  ...  4.162045e+06       NaN
719 2025-05-23 17:20:41.304210  51262.634731  ...  4.719849e+06  0.000157

[5 rows x 25 columns]
2025-05-23 17:37:47,160 [INFO] Summary statistics:
                           timestamp          open  ...           obv       rate
count                            720    720.000000  ...  7.200000e+02  90.000000
mean   2025-05-08 17:50:41.304209664  57275.201506  ...  2.198984e+06   0.000056
min       2025-04-23 18:20:41.304210  45283.552009  ... -1.080453e+07  -0.000349
25%    2025-05-01 06:05:41.304209920  50923.739784  ... -1.041759e+06  -0.000088
50%    2025-05-08 17:50:41.304209920  55501.573630  ...  1.648478e+06   0.000065
75%    2025-05-16 05:35:41.304209920  62961.166706  ...  5.295659e+06   0.000187
max       2025-05-23 17:20:41.304210  80989.675611  ...  1.765856e+07   0.000474
std                              NaN   7580.479758  ...  5.988282e+06   0.000199

[8 rows x 25 columns]
2025-05-23 17:37:47,181 [INFO] Correlation matrix:
             timestamp      open      high  ...   stoch_d       obv      rate
timestamp     1.000000  0.177375  0.177320  ...  0.014719  0.466937  0.063408
open          0.177375  1.000000  0.999088  ...  0.185663  0.884230 -0.080776
high          0.177320  0.999088  1.000000  ...  0.186806  0.885100 -0.084506
low           0.177391  0.999060  0.998976  ...  0.187698  0.885321 -0.080602
close         0.176987  0.997572  0.999021  ...  0.190121  0.886103 -0.082623
volume       -0.062943  0.021396  0.020777  ...  0.035051 -0.001182  0.093545
sma_20        0.228886  0.937029  0.937703  ... -0.122291  0.861405 -0.018354
sma_50        0.288549  0.855867  0.856474  ... -0.190371  0.828163  0.106377
sma_200       0.426956  0.235213  0.238651  ... -0.225865  0.416177  0.402866
ema_12        0.188890  0.974463  0.975188  ...  0.006396  0.878260 -0.036065
ema_26        0.204195  0.940575  0.941380  ... -0.098461  0.865260  0.019731
macd         -0.046861  0.435042  0.434734  ...  0.631768  0.286881 -0.347145
macd_signal  -0.047448  0.451352  0.450657  ...  0.395481  0.299171 -0.358914
macd_hist    -0.007961  0.042035  0.043103  ...  0.822583  0.023212 -0.025710
rsi          -0.010158  0.230679  0.232036  ...  0.881864  0.156389 -0.216214
bb_middle     0.228886  0.937029  0.937703  ... -0.122291  0.861405 -0.018354
bb_std        0.103976  0.516483  0.514171  ... -0.049579  0.449520  0.110719
bb_upper      0.222000  0.927451  0.927568  ... -0.117388  0.847419  0.006304
bb_lower      0.227521  0.907841  0.909191  ... -0.123115  0.841142 -0.048845
atr           0.193733  0.822239  0.823927  ... -0.026246  0.779746  0.048724
vwap          0.535907  0.280894  0.282335  ... -0.243308  0.452050  0.513439
stoch_k       0.017701  0.160624  0.164834  ...  0.934105  0.126907 -0.220818
stoch_d       0.014719  0.185663  0.186806  ...  1.000000  0.138004 -0.214165
obv           0.466937  0.884230  0.885100  ...  0.138004  1.000000  0.080324
rate          0.063408 -0.080776 -0.084506  ... -0.214165  0.080324  1.000000

[25 rows x 25 columns]
2025-05-23 17:37:47,182 [INFO] Missing values:
timestamp        0
open             0
high             0
low              0
close            0
volume           0
sma_20          19
sma_50          49
sma_200        199
ema_12           0
ema_26           0
macd             0
macd_signal      0
macd_hist        0
rsi             13
bb_middle       19
bb_std          19
bb_upper        19
bb_lower        19
atr             13
vwap             0
stoch_k         13
stoch_d         15
obv              0
rate           630
dtype: int64
2025-05-23 17:37:47,183 [INFO] Data types:
timestamp      datetime64[ns]
open                  float64
high                  float64
low                   float64
close                 float64
volume                float64
sma_20                float64
sma_50                float64
sma_200               float64
ema_12                float64
ema_26                float64
macd                  float64
macd_signal           float64
macd_hist             float64
rsi                   float64
bb_middle             float64
bb_std                float64
bb_upper              float64
bb_lower              float64
atr                   float64
vwap                  float64
stoch_k               float64
stoch_d               float64
obv                   float64
rate                  float64
dtype: object
2025-05-23 17:37:47,185 [INFO] Memory usage:
Index           128
timestamp      5760
open           5760
high           5760
low            5760
close          5760
volume         5760
sma_20         5760
sma_50         5760
sma_200        5760
ema_12         5760
ema_26         5760
macd           5760
macd_signal    5760
macd_hist      5760
rsi            5760
bb_middle      5760
bb_std         5760
bb_upper       5760
bb_lower       5760
atr            5760
vwap           5760
stoch_k        5760
stoch_d        5760
obv            5760
rate           5760
dtype: int64
2025-05-23 17:37:47,185 [INFO] Data quality:
{'source': 'hyperliquid', 'is_synthetic': False, 'alternative_sources': [], 'synthetic_ratio': 0.0, 'missing_values': np.float64(0.057055555555555554), 'data_points': 720, 'start_date': '2025-04-23', 'end_date': '2025-05-23'}
2025-05-23 17:37:47,185 [INFO] Data source: hyperliquid
2025-05-23 17:37:47,185 [INFO] Synthetic ratio: 0.0
2025-05-23 17:37:47,185 [INFO] Missing values: 0.057055555555555554
2025-05-23 17:37:47,185 [INFO] Data points: 720
2025-05-23 17:37:47,185 [INFO] Start date: 2025-04-23
2025-05-23 17:37:47,185 [INFO] End date: 2025-05-23
2025-05-23 17:37:47,185 [INFO] Alternative sources: []
2025-05-23 17:37:47,185 [INFO] Is synthetic: False
2025-05-23 17:37:47,185 [INFO] --------------------------------------------------------------------------------
2025-05-23 17:37:47,185 [INFO] Fetching data for BTC-USD-PERP, interval 4h
2025-05-23 17:37:47,185 [INFO] Fetching data for BTC-USD-PERP, interval 4h, days 30
2025-05-23 17:37:47,189 [INFO] Using existing processed data for BTC-USD-PERP, interval 4h
2025-05-23 17:37:47,190 [INFO] Data quality for BTC-USD-PERP, interval 4h: {'source': 'hyperliquid', 'is_synthetic': False, 'alternative_sources': [], 'synthetic_ratio': 0.0, 'missing_values': np.float64(0.104), 'data_points': 180, 'start_date': '2025-04-23', 'end_date': '2025-05-23'}
2025-05-23 17:37:47,190 [INFO] Data shape: (180, 25)
2025-05-23 17:37:47,205 [INFO] First few rows:
                   timestamp          open  ...           obv      rate
0 2025-04-23 21:20:41.974350  59906.301592  ...  0.000000e+00       NaN
1 2025-04-24 01:20:41.974350  59758.280907  ...  5.220952e+05  0.000348
2 2025-04-24 05:20:41.974350  60531.119283  ...  1.400267e+06       NaN
3 2025-04-24 09:20:41.974350  62366.743858  ...  1.890420e+06  0.000253
4 2025-04-24 13:20:41.974350  62047.520691  ...  2.532457e+06       NaN

[5 rows x 25 columns]
2025-05-23 17:37:47,220 [INFO] Last few rows:
                     timestamp          open  ...           obv      rate
175 2025-05-23 01:20:41.974350  50687.198768  ...  1.663805e+06  0.000172
176 2025-05-23 05:20:41.974350  50918.456962  ...  2.123165e+06       NaN
177 2025-05-23 09:20:41.974350  51813.208349  ...  2.908875e+06  0.000071
178 2025-05-23 13:20:41.974350  52171.092503  ...  3.432488e+06       NaN
179 2025-05-23 17:20:41.974350  54086.528303  ...  3.864598e+06  0.000157

[5 rows x 25 columns]
2025-05-23 17:37:47,262 [INFO] Summary statistics:
                           timestamp          open  ...           obv       rate
count                            180    180.000000  ...  1.800000e+02  90.000000
mean   2025-05-08 19:20:41.974350592  50897.386903  ... -1.671756e+06   0.000056
min       2025-04-23 21:20:41.974350  45550.477483  ... -6.568387e+06  -0.000349
25%    2025-05-01 08:20:41.974350080  48120.743309  ... -3.676961e+06  -0.000088
50%    2025-05-08 19:20:41.974350080  49543.640935  ... -1.953407e+06   0.000065
75%    2025-05-16 06:20:41.974350080  51447.495725  ...  1.896551e+05   0.000187
max       2025-05-23 17:20:41.974350  65047.672883  ...  3.864598e+06   0.000474
std                              NaN   4450.172004  ...  2.504373e+06   0.000199

[8 rows x 25 columns]
2025-05-23 17:37:47,283 [INFO] Correlation matrix:
             timestamp      open      high  ...   stoch_d       obv      rate
timestamp     1.000000 -0.644956 -0.646350  ...  0.440562  0.153507  0.063408
open         -0.644956  1.000000  0.998106  ... -0.065340  0.556419  0.287174
high         -0.646350  0.998106  1.000000  ... -0.055489  0.558034  0.293147
low          -0.647333  0.997822  0.997640  ... -0.063789  0.556751  0.298894
close        -0.647863  0.995189  0.998020  ... -0.052330  0.557990  0.303504
volume       -0.059832 -0.014037 -0.011456  ... -0.134217 -0.013211 -0.029126
sma_20       -0.707637  0.802372  0.799808  ... -0.515209  0.063003 -0.236314
sma_50       -0.802501 -0.041909 -0.015743  ... -0.124504 -0.488975 -0.370106
sma_200            NaN       NaN       NaN  ...       NaN       NaN       NaN
ema_12       -0.750621  0.954241  0.953745  ... -0.378950  0.441922  0.253914
ema_26       -0.831538  0.895673  0.895079  ... -0.488573  0.343288  0.166168
macd          0.401669  0.289597  0.290083  ...  0.601130  0.488590  0.429308
macd_signal   0.363311  0.317589  0.314863  ...  0.333210  0.486756  0.483578
macd_hist     0.216090  0.003843  0.012747  ...  0.846003  0.140449 -0.026978
rsi           0.532426 -0.042692 -0.032043  ...  0.863235  0.347096  0.125184
bb_middle    -0.707637  0.802372  0.799808  ... -0.515209  0.063003 -0.236314
bb_std       -0.574876  0.686268  0.682365  ... -0.426556  0.125929 -0.233698
bb_upper     -0.689497  0.792383  0.789326  ... -0.504462  0.084357 -0.243127
bb_lower     -0.687230  0.757605  0.756259  ... -0.495322  0.014234 -0.203865
atr          -0.603231  0.770185  0.776677  ... -0.105799  0.186080 -0.020490
vwap         -0.919252  0.826407  0.826974  ... -0.507335  0.189593  0.095332
stoch_k       0.419849 -0.074336 -0.058040  ...  0.922976  0.273267 -0.010672
stoch_d       0.440562 -0.065340 -0.055489  ...  1.000000  0.267783 -0.022403
obv           0.153507  0.556419  0.558034  ...  0.267783  1.000000  0.393705
rate          0.063408  0.287174  0.293147  ... -0.022403  0.393705  1.000000

[25 rows x 25 columns]
2025-05-23 17:37:47,284 [INFO] Missing values:
timestamp        0
open             0
high             0
low              0
close            0
volume           0
sma_20          19
sma_50          49
sma_200        180
ema_12           0
ema_26           0
macd             0
macd_signal      0
macd_hist        0
rsi             13
bb_middle       19
bb_std          19
bb_upper        19
bb_lower        19
atr             13
vwap             0
stoch_k         13
stoch_d         15
obv              0
rate            90
dtype: int64
2025-05-23 17:37:47,284 [INFO] Data types:
timestamp      datetime64[ns]
open                  float64
high                  float64
low                   float64
close                 float64
volume                float64
sma_20                float64
sma_50                float64
sma_200               float64
ema_12                float64
ema_26                float64
macd                  float64
macd_signal           float64
macd_hist             float64
rsi                   float64
bb_middle             float64
bb_std                float64
bb_upper              float64
bb_lower              float64
atr                   float64
vwap                  float64
stoch_k               float64
stoch_d               float64
obv                   float64
rate                  float64
dtype: object
2025-05-23 17:37:47,286 [INFO] Memory usage:
Index           128
timestamp      1440
open           1440
high           1440
low            1440
close          1440
volume         1440
sma_20         1440
sma_50         1440
sma_200        1440
ema_12         1440
ema_26         1440
macd           1440
macd_signal    1440
macd_hist      1440
rsi            1440
bb_middle      1440
bb_std         1440
bb_upper       1440
bb_lower       1440
atr            1440
vwap           1440
stoch_k        1440
stoch_d        1440
obv            1440
rate           1440
dtype: int64
2025-05-23 17:37:47,286 [INFO] Data quality:
{'source': 'hyperliquid', 'is_synthetic': False, 'alternative_sources': [], 'synthetic_ratio': 0.0, 'missing_values': np.float64(0.104), 'data_points': 180, 'start_date': '2025-04-23', 'end_date': '2025-05-23'}
2025-05-23 17:37:47,286 [INFO] Data source: hyperliquid
2025-05-23 17:37:47,286 [INFO] Synthetic ratio: 0.0
2025-05-23 17:37:47,286 [INFO] Missing values: 0.104
2025-05-23 17:37:47,286 [INFO] Data points: 180
2025-05-23 17:37:47,286 [INFO] Start date: 2025-04-23
2025-05-23 17:37:47,286 [INFO] End date: 2025-05-23
2025-05-23 17:37:47,286 [INFO] Alternative sources: []
2025-05-23 17:37:47,286 [INFO] Is synthetic: False
2025-05-23 17:37:47,286 [INFO] --------------------------------------------------------------------------------
2025-05-23 17:37:47,286 [INFO] Fetching data for ETH-USD-PERP, interval 1h
2025-05-23 17:37:47,286 [INFO] Fetching data for ETH-USD-PERP, interval 1h, days 30
2025-05-23 17:37:47,293 [INFO] Using existing processed data for ETH-USD-PERP, interval 1h
2025-05-23 17:37:47,294 [INFO] Data quality for ETH-USD-PERP, interval 1h: {'source': 'hyperliquid', 'is_synthetic': False, 'alternative_sources': [], 'synthetic_ratio': 0.0, 'missing_values': np.float64(0.057055555555555554), 'data_points': 720, 'start_date': '2025-04-23', 'end_date': '2025-05-23'}
2025-05-23 17:37:47,294 [INFO] Data shape: (720, 25)
2025-05-23 17:37:47,309 [INFO] First few rows:
                   timestamp         open  ...            obv  rate
0 2025-04-23 18:20:44.171186  3482.957087  ...       0.000000   NaN
1 2025-04-23 19:20:44.171186  3480.323941  ...   27030.756428   NaN
2 2025-04-23 20:20:44.171186  3544.205442  ...   54122.689152   NaN
3 2025-04-23 21:20:44.171186  3621.763068  ...   72007.543155   NaN
4 2025-04-23 22:20:44.171186  3651.748198  ...  110525.633270   NaN

[5 rows x 25 columns]
2025-05-23 17:37:47,323 [INFO] Last few rows:
                     timestamp         open  ...            obv      rate
715 2025-05-23 13:20:44.171186  2761.168780  ...    4453.027555       NaN
716 2025-05-23 14:20:44.171186  2803.021842  ...   28057.351904       NaN
717 2025-05-23 15:20:44.171186  2814.081913  ...   59815.145251       NaN
718 2025-05-23 16:20:44.171186  2778.159830  ...  107473.416216       NaN
719 2025-05-23 17:20:44.171186  2759.323174  ...  140011.983933  0.000218

[5 rows x 25 columns]
2025-05-23 17:37:47,374 [INFO] Summary statistics:
                           timestamp         open  ...            obv       rate
count                            720   720.000000  ...     720.000000  90.000000
mean   2025-05-08 17:50:44.171185920  3244.342342  ...   40755.894567   0.000097
min       2025-04-23 18:20:44.171186  2448.492810  ... -630264.382460  -0.000389
25%    2025-05-01 06:05:44.171185920  2784.333088  ... -128311.638355  -0.000076
50%    2025-05-08 17:50:44.171185920  3106.155175  ...    3708.044197   0.000108
75%    2025-05-16 05:35:44.171185920  3645.953522  ...  179008.297938   0.000254
max       2025-05-23 17:20:44.171186  4973.485565  ...  894769.918648   0.000598
std                              NaN   535.690521  ...  312463.060406   0.000238

[8 rows x 25 columns]
2025-05-23 17:37:47,410 [INFO] Correlation matrix:
             timestamp      open      high  ...   stoch_d       obv      rate
timestamp     1.000000  0.110242  0.110304  ...  0.013890  0.352795  0.063408
open          0.110242  1.000000  0.999077  ...  0.186795  0.875560 -0.085021
high          0.110304  0.999077  1.000000  ...  0.187956  0.876525 -0.089033
low           0.110081  0.999043  0.998962  ...  0.188892  0.876719 -0.084803
close         0.109776  0.997537  0.999007  ...  0.191266  0.877748 -0.087157
volume       -0.062943  0.026504  0.025767  ...  0.034877  0.004069  0.093545
sma_20        0.162386  0.934955  0.935662  ... -0.123584  0.841994 -0.024592
sma_50        0.223574  0.852418  0.853061  ... -0.187170  0.797862  0.091287
sma_200       0.366063  0.246069  0.249486  ... -0.225299  0.371884  0.387004
ema_12        0.119593  0.973749  0.974493  ...  0.005785  0.865487 -0.039369
ema_26        0.132411  0.939013  0.939850  ... -0.100395  0.847718  0.016779
macd         -0.046629  0.443055  0.442684  ...  0.629979  0.316284 -0.345862
macd_signal  -0.047595  0.458962  0.458224  ...  0.394643  0.326675 -0.355579
macd_hist    -0.006861  0.045553  0.046546  ...  0.815866  0.035334 -0.031356
rsi          -0.010229  0.235733  0.237061  ...  0.881766  0.176357 -0.216659
bb_middle     0.162386  0.934955  0.935662  ... -0.123584  0.841994 -0.024592
bb_std        0.091815  0.554657  0.552348  ... -0.060087  0.496165  0.108233
bb_upper      0.159783  0.925489  0.925610  ... -0.119527  0.832760  0.001428
bb_lower      0.158235  0.903828  0.905270  ... -0.123145  0.814891 -0.057569
atr           0.149840  0.855179  0.856777  ... -0.036412  0.807762  0.037359
vwap          0.471301  0.247113  0.248694  ... -0.258995  0.386583  0.531332
stoch_k       0.016957  0.161214  0.165441  ...  0.934201  0.142232 -0.221268
stoch_d       0.013890  0.186795  0.187956  ...  1.000000  0.155324 -0.215175
obv           0.352795  0.875560  0.876525  ...  0.155324  1.000000  0.077991
rate          0.063408 -0.085021 -0.089033  ... -0.215175  0.077991  1.000000

[25 rows x 25 columns]
2025-05-23 17:37:47,411 [INFO] Missing values:
timestamp        0
open             0
high             0
low              0
close            0
volume           0
sma_20          19
sma_50          49
sma_200        199
ema_12           0
ema_26           0
macd             0
macd_signal      0
macd_hist        0
rsi             13
bb_middle       19
bb_std          19
bb_upper        19
bb_lower        19
atr             13
vwap             0
stoch_k         13
stoch_d         15
obv              0
rate           630
dtype: int64
2025-05-23 17:37:47,412 [INFO] Data types:
timestamp      datetime64[ns]
open                  float64
high                  float64
low                   float64
close                 float64
volume                float64
sma_20                float64
sma_50                float64
sma_200               float64
ema_12                float64
ema_26                float64
macd                  float64
macd_signal           float64
macd_hist             float64
rsi                   float64
bb_middle             float64
bb_std                float64
bb_upper              float64
bb_lower              float64
atr                   float64
vwap                  float64
stoch_k               float64
stoch_d               float64
obv                   float64
rate                  float64
dtype: object
2025-05-23 17:37:47,414 [INFO] Memory usage:
Index           128
timestamp      5760
open           5760
high           5760
low            5760
close          5760
volume         5760
sma_20         5760
sma_50         5760
sma_200        5760
ema_12         5760
ema_26         5760
macd           5760
macd_signal    5760
macd_hist      5760
rsi            5760
bb_middle      5760
bb_std         5760
bb_upper       5760
bb_lower       5760
atr            5760
vwap           5760
stoch_k        5760
stoch_d        5760
obv            5760
rate           5760
dtype: int64
2025-05-23 17:37:47,415 [INFO] Data quality:
{'source': 'hyperliquid', 'is_synthetic': False, 'alternative_sources': [], 'synthetic_ratio': 0.0, 'missing_values': np.float64(0.057055555555555554), 'data_points': 720, 'start_date': '2025-04-23', 'end_date': '2025-05-23'}
2025-05-23 17:37:47,415 [INFO] Data source: hyperliquid
2025-05-23 17:37:47,415 [INFO] Synthetic ratio: 0.0
2025-05-23 17:37:47,415 [INFO] Missing values: 0.057055555555555554
2025-05-23 17:37:47,415 [INFO] Data points: 720
2025-05-23 17:37:47,415 [INFO] Start date: 2025-04-23
2025-05-23 17:37:47,415 [INFO] End date: 2025-05-23
2025-05-23 17:37:47,415 [INFO] Alternative sources: []
2025-05-23 17:37:47,415 [INFO] Is synthetic: False
2025-05-23 17:37:47,415 [INFO] --------------------------------------------------------------------------------
2025-05-23 17:37:47,415 [INFO] Fetching data for ETH-USD-PERP, interval 4h
2025-05-23 17:37:47,415 [INFO] Fetching data for ETH-USD-PERP, interval 4h, days 30
2025-05-23 17:37:47,422 [INFO] Using existing processed data for ETH-USD-PERP, interval 4h
2025-05-23 17:37:47,423 [INFO] Data quality for ETH-USD-PERP, interval 4h: {'source': 'hyperliquid', 'is_synthetic': False, 'alternative_sources': [], 'synthetic_ratio': 0.0, 'missing_values': np.float64(0.104), 'data_points': 180, 'start_date': '2025-04-23', 'end_date': '2025-05-23'}
2025-05-23 17:37:47,423 [INFO] Data shape: (180, 25)
2025-05-23 17:37:47,447 [INFO] First few rows:
                   timestamp         open  ...            obv      rate
0 2025-04-23 21:20:44.811716  3493.167824  ...       0.000000       NaN
1 2025-04-24 01:20:44.811716  3482.281246  ...   30455.554509  0.000448
2 2025-04-24 05:20:44.811716  3538.542978  ...   81682.253707       NaN
3 2025-04-24 09:20:44.811716  3672.759397  ...  110274.523888  0.000334
4 2025-04-24 13:20:44.811716  3649.171029  ...  147726.664841       NaN

[5 rows x 25 columns]
2025-05-23 17:37:47,463 [INFO] Last few rows:
                     timestamp         open  ...            obv      rate
175 2025-05-23 01:20:44.811716  2808.528302  ...   97055.298402  0.000236
176 2025-05-23 05:20:44.811716  2824.477060  ...  123851.299893       NaN
177 2025-05-23 09:20:44.811716  2886.367542  ...  169684.362508  0.000115
178 2025-05-23 13:20:44.811716  2911.243988  ...  200228.460604       NaN
179 2025-05-23 17:20:44.811716  3044.697308  ...  225434.872672  0.000218

[5 rows x 25 columns]
2025-05-23 17:37:47,510 [INFO] Summary statistics:
                           timestamp         open  ...            obv       rate
count                            180   180.000000  ...     180.000000  90.000000
mean   2025-05-08 19:20:44.811716352  2839.362863  ...  -97519.074838   0.000097
min       2025-04-23 21:20:44.811716  2466.574830  ... -383155.900452  -0.000389
25%    2025-05-01 08:20:44.811716096  2640.470604  ... -214489.368909  -0.000076
50%    2025-05-08 19:20:44.811716096  2742.203362  ... -113948.718820   0.000108
75%    2025-05-16 06:20:44.811716096  2873.055786  ...   11063.212155   0.000254
max       2025-05-23 17:20:44.811716  3869.981032  ...  225434.872672   0.000598
std                              NaN   321.295003  ...  146088.400143   0.000238

[8 rows x 25 columns]
2025-05-23 17:37:47,530 [INFO] Correlation matrix:
             timestamp      open      high  ...   stoch_d       obv      rate
timestamp     1.000000 -0.657856 -0.658916  ...  0.439409  0.153507  0.063408
open         -0.657856  1.000000  0.998227  ... -0.083709  0.544231  0.287374
high         -0.658916  0.998227  1.000000  ... -0.074308  0.545837  0.293037
low          -0.659882  0.997973  0.997786  ... -0.082209  0.544694  0.298912
close        -0.660271  0.995503  0.998150  ... -0.071187  0.545926  0.303286
volume       -0.059832 -0.011968 -0.009590  ... -0.134756 -0.013211 -0.029126
sma_20       -0.718009  0.816745  0.814413  ... -0.513289  0.051950 -0.238851
sma_50       -0.812097 -0.007019  0.019270  ... -0.126343 -0.501177 -0.372339
sma_200            NaN       NaN       NaN  ...       NaN       NaN       NaN
ema_12       -0.758727  0.956059  0.955492  ... -0.384217  0.432956  0.253477
ema_26       -0.836778  0.899537  0.898800  ... -0.488551  0.336217  0.165303
macd          0.397875  0.279137  0.279997  ...  0.598719  0.484937  0.437346
macd_signal   0.359507  0.308393  0.306137  ...  0.333898  0.485438  0.491888
macd_hist     0.213726 -0.003721  0.005040  ...  0.833020  0.131200 -0.027491
rsi           0.531949 -0.062113 -0.051849  ...  0.862850  0.347693  0.125332
bb_middle    -0.718009  0.816745  0.814413  ... -0.513289  0.051950 -0.238851
bb_std       -0.587918  0.706639  0.703029  ... -0.437881  0.122229 -0.234409
bb_upper     -0.698145  0.805955  0.803158  ... -0.504572  0.075352 -0.244404
bb_lower     -0.702592  0.774201  0.773042  ... -0.490654 -0.001786 -0.208613
atr          -0.644212  0.819484  0.824695  ... -0.174358  0.189723 -0.007286
vwap         -0.919923  0.835028  0.835339  ... -0.505545  0.188145  0.096126
stoch_k       0.418996 -0.090531 -0.074919  ...  0.923056  0.273222 -0.010588
stoch_d       0.439409 -0.083709 -0.074308  ...  1.000000  0.267634 -0.022770
obv           0.153507  0.544231  0.545837  ...  0.267634  1.000000  0.393705
rate          0.063408  0.287374  0.293037  ... -0.022770  0.393705  1.000000

[25 rows x 25 columns]
2025-05-23 17:37:47,530 [INFO] Missing values:
timestamp        0
open             0
high             0
low              0
close            0
volume           0
sma_20          19
sma_50          49
sma_200        180
ema_12           0
ema_26           0
macd             0
macd_signal      0
macd_hist        0
rsi             13
bb_middle       19
bb_std          19
bb_upper        19
bb_lower        19
atr             13
vwap             0
stoch_k         13
stoch_d         15
obv              0
rate            90
dtype: int64
2025-05-23 17:37:47,531 [INFO] Data types:
timestamp      datetime64[ns]
open                  float64
high                  float64
low                   float64
close                 float64
volume                float64
sma_20                float64
sma_50                float64
sma_200               float64
ema_12                float64
ema_26                float64
macd                  float64
macd_signal           float64
macd_hist             float64
rsi                   float64
bb_middle             float64
bb_std                float64
bb_upper              float64
bb_lower              float64
atr                   float64
vwap                  float64
stoch_k               float64
stoch_d               float64
obv                   float64
rate                  float64
dtype: object
2025-05-23 17:37:47,533 [INFO] Memory usage:
Index           128
timestamp      1440
open           1440
high           1440
low            1440
close          1440
volume         1440
sma_20         1440
sma_50         1440
sma_200        1440
ema_12         1440
ema_26         1440
macd           1440
macd_signal    1440
macd_hist      1440
rsi            1440
bb_middle      1440
bb_std         1440
bb_upper       1440
bb_lower       1440
atr            1440
vwap           1440
stoch_k        1440
stoch_d        1440
obv            1440
rate           1440
dtype: int64
2025-05-23 17:37:47,533 [INFO] Data quality:
{'source': 'hyperliquid', 'is_synthetic': False, 'alternative_sources': [], 'synthetic_ratio': 0.0, 'missing_values': np.float64(0.104), 'data_points': 180, 'start_date': '2025-04-23', 'end_date': '2025-05-23'}
2025-05-23 17:37:47,533 [INFO] Data source: hyperliquid
2025-05-23 17:37:47,533 [INFO] Synthetic ratio: 0.0
2025-05-23 17:37:47,533 [INFO] Missing values: 0.104
2025-05-23 17:37:47,533 [INFO] Data points: 180
2025-05-23 17:37:47,533 [INFO] Start date: 2025-04-23
2025-05-23 17:37:47,533 [INFO] End date: 2025-05-23
2025-05-23 17:37:47,533 [INFO] Alternative sources: []
2025-05-23 17:37:47,533 [INFO] Is synthetic: False
2025-05-23 17:37:47,533 [INFO] --------------------------------------------------------------------------------
2025-05-23 17:37:47,533 [INFO] Fetching data for SOL-USD-PERP, interval 1h
2025-05-23 17:37:47,533 [INFO] Fetching data for SOL-USD-PERP, interval 1h, days 30
2025-05-23 17:37:47,541 [INFO] Using existing processed data for SOL-USD-PERP, interval 1h
2025-05-23 17:37:47,541 [INFO] Data quality for SOL-USD-PERP, interval 1h: {'source': 'hyperliquid', 'is_synthetic': False, 'alternative_sources': [], 'synthetic_ratio': 0.0, 'missing_values': np.float64(0.057055555555555554), 'data_points': 720, 'start_date': '2025-04-23', 'end_date': '2025-05-23'}
2025-05-23 17:37:47,542 [INFO] Data shape: (720, 25)
2025-05-23 17:37:47,557 [INFO] First few rows:
                   timestamp        open  ...          obv  rate
0 2025-04-23 18:20:47.027742  148.977425  ...     0.000000   NaN
1 2025-04-23 19:20:47.027742  148.812667  ...  1158.460990   NaN
2 2025-04-23 20:20:47.027742  152.640942  ...  2319.543821   NaN
3 2025-04-23 21:20:47.027742  157.289721  ...  3086.037564   NaN
4 2025-04-23 22:20:47.027742  159.110467  ...  4736.812854   NaN

[5 rows x 25 columns]
2025-05-23 17:37:47,572 [INFO] Last few rows:
                     timestamp        open  ...          obv      rate
715 2025-05-23 13:20:47.027742   98.052748  ... -2021.788355       NaN
716 2025-05-23 14:20:47.027742  100.132643  ... -1010.174454       NaN
717 2025-05-23 15:20:47.027742  100.681919  ...   350.873832       NaN
718 2025-05-23 16:20:47.027742   98.883507  ...  2393.371159       NaN
719 2025-05-23 17:20:47.027742   97.941024  ...  3787.881205  0.000291

[5 rows x 25 columns]
2025-05-23 17:37:47,617 [INFO] Summary statistics:
                           timestamp        open  ...           obv       rate
count                            720  720.000000  ...    720.000000  90.000000
mean   2025-05-08 17:50:47.027742208  129.791716  ...   -121.763936   0.000129
min       2025-04-23 18:20:47.027742   89.595296  ... -29223.963069  -0.000518
25%    2025-05-01 06:05:47.027741952  103.491033  ...  -7029.716976  -0.000101
50%    2025-05-08 17:50:47.027741952  121.264974  ...  -1905.604142   0.000145
75%    2025-05-16 05:35:47.027741952  151.862259  ...   5490.262528   0.000339
max       2025-05-23 17:20:47.027742  232.598453  ...  36134.649835   0.000798
std                              NaN   30.234984  ...  13174.478686   0.000318

[8 rows x 25 columns]
2025-05-23 17:37:47,637 [INFO] Correlation matrix:
             timestamp      open      high  ...   stoch_d       obv      rate
timestamp     1.000000  0.006603  0.006877  ...  0.012368  0.320363  0.063408
open          0.006603  1.000000  0.999071  ...  0.187062  0.843173 -0.089070
high          0.006877  0.999071  1.000000  ...  0.188237  0.844232 -0.093563
low           0.006139  0.999026  0.998949  ...  0.189239  0.844267 -0.088746
close         0.005992  0.997509  0.998994  ...  0.191474  0.845443 -0.091680
volume       -0.062943  0.034157  0.033192  ...  0.034594  0.006594  0.093545
sma_20        0.058461  0.931884  0.932651  ... -0.124639  0.814750 -0.031500
sma_50        0.120408  0.848501  0.849203  ... -0.179941  0.778955  0.068398
sma_200       0.265169  0.271754  0.275095  ... -0.222238  0.398939  0.358598
ema_12        0.011758  0.972738  0.973512  ...  0.004627  0.836065 -0.041581
ema_26        0.019655  0.936958  0.937849  ... -0.102713  0.821345  0.014909
macd         -0.043036  0.451914  0.451424  ...  0.625023  0.295071 -0.343880
macd_signal  -0.044522  0.466641  0.465839  ...  0.392024  0.305701 -0.349234
macd_hist    -0.004745  0.052338  0.053134  ...  0.800439  0.031252 -0.043458
rsi          -0.010493  0.242625  0.243884  ...  0.881499  0.166986 -0.217603
bb_middle     0.058461  0.931884  0.932651  ... -0.124639  0.814750 -0.031500
bb_std        0.058629  0.619878  0.617638  ... -0.075650  0.548197  0.103031
bb_upper      0.062370  0.923038  0.923175  ... -0.121815  0.808425 -0.003429
bb_lower      0.050026  0.896670  0.898276  ... -0.122219  0.781995 -0.069124
atr           0.066890  0.892121  0.893593  ... -0.050096  0.811297  0.021890
vwap          0.347515  0.209628  0.211391  ... -0.284843  0.375376  0.556191
stoch_k       0.015589  0.160796  0.164997  ...  0.934335  0.133334 -0.222125
stoch_d       0.012368  0.187062  0.188237  ...  1.000000  0.146200 -0.217040
obv           0.320363  0.843173  0.844232  ...  0.146200  1.000000  0.105879
rate          0.063408 -0.089070 -0.093563  ... -0.217040  0.105879  1.000000

[25 rows x 25 columns]
2025-05-23 17:37:47,638 [INFO] Missing values:
timestamp        0
open             0
high             0
low              0
close            0
volume           0
sma_20          19
sma_50          49
sma_200        199
ema_12           0
ema_26           0
macd             0
macd_signal      0
macd_hist        0
rsi             13
bb_middle       19
bb_std          19
bb_upper        19
bb_lower        19
atr             13
vwap             0
stoch_k         13
stoch_d         15
obv              0
rate           630
dtype: int64
2025-05-23 17:37:47,639 [INFO] Data types:
timestamp      datetime64[ns]
open                  float64
high                  float64
low                   float64
close                 float64
volume                float64
sma_20                float64
sma_50                float64
sma_200               float64
ema_12                float64
ema_26                float64
macd                  float64
macd_signal           float64
macd_hist             float64
rsi                   float64
bb_middle             float64
bb_std                float64
bb_upper              float64
bb_lower              float64
atr                   float64
vwap                  float64
stoch_k               float64
stoch_d               float64
obv                   float64
rate                  float64
dtype: object
2025-05-23 17:37:47,640 [INFO] Memory usage:
Index           128
timestamp      5760
open           5760
high           5760
low            5760
close          5760
volume         5760
sma_20         5760
sma_50         5760
sma_200        5760
ema_12         5760
ema_26         5760
macd           5760
macd_signal    5760
macd_hist      5760
rsi            5760
bb_middle      5760
bb_std         5760
bb_upper       5760
bb_lower       5760
atr            5760
vwap           5760
stoch_k        5760
stoch_d        5760
obv            5760
rate           5760
dtype: int64
2025-05-23 17:37:47,640 [INFO] Data quality:
{'source': 'hyperliquid', 'is_synthetic': False, 'alternative_sources': [], 'synthetic_ratio': 0.0, 'missing_values': np.float64(0.057055555555555554), 'data_points': 720, 'start_date': '2025-04-23', 'end_date': '2025-05-23'}
2025-05-23 17:37:47,640 [INFO] Data source: hyperliquid
2025-05-23 17:37:47,640 [INFO] Synthetic ratio: 0.0
2025-05-23 17:37:47,640 [INFO] Missing values: 0.057055555555555554
2025-05-23 17:37:47,640 [INFO] Data points: 720
2025-05-23 17:37:47,640 [INFO] Start date: 2025-04-23
2025-05-23 17:37:47,640 [INFO] End date: 2025-05-23
2025-05-23 17:37:47,640 [INFO] Alternative sources: []
2025-05-23 17:37:47,640 [INFO] Is synthetic: False
2025-05-23 17:37:47,640 [INFO] --------------------------------------------------------------------------------
2025-05-23 17:37:47,640 [INFO] Fetching data for SOL-USD-PERP, interval 4h
2025-05-23 17:37:47,641 [INFO] Fetching data for SOL-USD-PERP, interval 4h, days 30
2025-05-23 17:37:47,645 [INFO] Using existing processed data for SOL-USD-PERP, interval 4h
2025-05-23 17:37:47,646 [INFO] Data quality for SOL-USD-PERP, interval 4h: {'source': 'hyperliquid', 'is_synthetic': False, 'alternative_sources': [], 'synthetic_ratio': 0.0, 'missing_values': np.float64(0.104), 'data_points': 180, 'start_date': '2025-04-23', 'end_date': '2025-05-23'}
2025-05-23 17:37:47,646 [INFO] Data shape: (180, 25)
2025-05-23 17:37:47,661 [INFO] First few rows:
                   timestamp        open  ...          obv      rate
0 2025-04-23 21:20:47.674020  149.590069  ...     0.000000       NaN
1 2025-04-24 01:20:47.674020  148.930166  ...  1305.238050  0.000597
2 2025-04-24 05:20:47.674020  152.299441  ...  3500.668016       NaN
3 2025-04-24 09:20:47.674020  160.401315  ...  4726.051024  0.000445
4 2025-04-24 13:20:47.674020  158.952908  ...  6331.142779       NaN

[5 rows x 25 columns]
2025-05-23 17:37:47,676 [INFO] Last few rows:
                     timestamp        open  ...          obv      rate
175 2025-05-23 01:20:47.674020  107.962274  ...  2306.259540  0.000315
176 2025-05-23 05:20:47.674020  108.816460  ...  3454.659604       NaN
177 2025-05-23 09:20:47.674020  112.141708  ...  5418.933716  0.000153
178 2025-05-23 13:20:47.674020  113.493354  ...  6727.966491       NaN
179 2025-05-23 17:20:47.674020  120.763729  ...  7808.241294  0.000291

[5 rows x 25 columns]
2025-05-23 17:37:47,719 [INFO] Summary statistics:
                           timestamp        open  ...           obv       rate
count                            180  180.000000  ...    180.000000  90.000000
mean   2025-05-08 19:20:47.674020352  111.156129  ...  -4591.222977   0.000129
min       2025-04-23 21:20:47.674020   90.770227  ... -16420.967162  -0.000518
25%    2025-05-01 08:20:47.674020096   99.604655  ...  -9192.401525  -0.000101
50%    2025-05-08 19:20:47.674020096  105.264499  ...  -4883.516521   0.000145
75%    2025-05-16 06:20:47.674020096  112.232366  ...   -498.269961   0.000339
max       2025-05-23 17:20:47.674020  172.478024  ...   8212.745856   0.000798
std                              NaN   18.762420  ...   5861.733331   0.000318

[8 rows x 25 columns]
2025-05-23 17:37:47,739 [INFO] Correlation matrix:
             timestamp      open      high  ...   stoch_d       obv      rate
timestamp     1.000000 -0.674751 -0.675238  ...  0.437756  0.069048  0.063408
open         -0.674751  1.000000  0.998419  ... -0.113450  0.598520  0.290845
high         -0.675238  0.998419  1.000000  ... -0.104811  0.600163  0.295958
low          -0.676225  0.998215  0.998017  ... -0.112053  0.599692  0.302049
close        -0.676366  0.996002  0.998357  ... -0.101801  0.600834  0.306019
volume       -0.059832 -0.008815 -0.006816  ... -0.135782 -0.013368 -0.029126
sma_20       -0.730187  0.839516  0.837475  ... -0.509015  0.098578 -0.239701
sma_50       -0.822327  0.048506  0.074862  ... -0.129480 -0.500085 -0.374409
sma_200            NaN       NaN       NaN  ...       NaN       NaN       NaN
ema_12       -0.768483  0.958566  0.957859  ... -0.391898  0.496219  0.255978
ema_26       -0.842749  0.904751  0.903742  ... -0.488095  0.403715  0.166464
macd          0.391236  0.265908  0.267466  ...  0.593494  0.470442  0.452327
macd_signal   0.353536  0.296445  0.295029  ...  0.335657  0.477778  0.507394
macd_hist     0.207495 -0.012834 -0.004273  ...  0.804378  0.105208 -0.028415
rsi           0.531278 -0.092014 -0.082401  ...  0.862020  0.337387  0.125749
bb_middle    -0.730187  0.839516  0.837475  ... -0.509015  0.098578 -0.239701
bb_std       -0.607987  0.740458  0.737322  ... -0.453570  0.170943 -0.234407
bb_upper     -0.708055  0.827454  0.825011  ... -0.503192  0.124291 -0.243742
bb_lower     -0.721932  0.799379  0.798425  ... -0.481265  0.031747 -0.211740
atr          -0.688758  0.873358  0.876879  ... -0.266849  0.260624  0.014246
vwap         -0.919986  0.846994  0.846857  ... -0.502735  0.266356  0.098899
stoch_k       0.417803 -0.116572 -0.102178  ...  0.923159  0.268325 -0.010384
stoch_d       0.437756 -0.113450 -0.104811  ...  1.000000  0.265721 -0.023304
obv           0.069048  0.598520  0.600163  ...  0.265721  1.000000  0.401142
rate          0.063408  0.290845  0.295958  ... -0.023304  0.401142  1.000000

[25 rows x 25 columns]
2025-05-23 17:37:47,740 [INFO] Missing values:
timestamp        0
open             0
high             0
low              0
close            0
volume           0
sma_20          19
sma_50          49
sma_200        180
ema_12           0
ema_26           0
macd             0
macd_signal      0
macd_hist        0
rsi             13
bb_middle       19
bb_std          19
bb_upper        19
bb_lower        19
atr             13
vwap             0
stoch_k         13
stoch_d         15
obv              0
rate            90
dtype: int64
2025-05-23 17:37:47,741 [INFO] Data types:
timestamp      datetime64[ns]
open                  float64
high                  float64
low                   float64
close                 float64
volume                float64
sma_20                float64
sma_50                float64
sma_200               float64
ema_12                float64
ema_26                float64
macd                  float64
macd_signal           float64
macd_hist             float64
rsi                   float64
bb_middle             float64
bb_std                float64
bb_upper              float64
bb_lower              float64
atr                   float64
vwap                  float64
stoch_k               float64
stoch_d               float64
obv                   float64
rate                  float64
dtype: object
2025-05-23 17:37:47,742 [INFO] Memory usage:
Index           128
timestamp      1440
open           1440
high           1440
low            1440
close          1440
volume         1440
sma_20         1440
sma_50         1440
sma_200        1440
ema_12         1440
ema_26         1440
macd           1440
macd_signal    1440
macd_hist      1440
rsi            1440
bb_middle      1440
bb_std         1440
bb_upper       1440
bb_lower       1440
atr            1440
vwap           1440
stoch_k        1440
stoch_d        1440
obv            1440
rate           1440
dtype: int64
2025-05-23 17:37:47,742 [INFO] Data quality:
{'source': 'hyperliquid', 'is_synthetic': False, 'alternative_sources': [], 'synthetic_ratio': 0.0, 'missing_values': np.float64(0.104), 'data_points': 180, 'start_date': '2025-04-23', 'end_date': '2025-05-23'}
2025-05-23 17:37:47,742 [INFO] Data source: hyperliquid
2025-05-23 17:37:47,742 [INFO] Synthetic ratio: 0.0
2025-05-23 17:37:47,742 [INFO] Missing values: 0.104
2025-05-23 17:37:47,742 [INFO] Data points: 180
2025-05-23 17:37:47,742 [INFO] Start date: 2025-04-23
2025-05-23 17:37:47,742 [INFO] End date: 2025-05-23
2025-05-23 17:37:47,742 [INFO] Alternative sources: []
2025-05-23 17:37:47,742 [INFO] Is synthetic: False
2025-05-23 17:37:47,742 [INFO] --------------------------------------------------------------------------------
