2025-05-27 01:22:09,370 [INFO] Websocket connected
2025-05-27 01:22:09,669 [INFO] Getting available assets...
2025-05-27 01:22:10,143 [INFO] Available assets: ['BTC', 'ETH', 'ATOM', 'MATIC', 'DYDX', 'SOL', 'AVAX', 'BNB', 'APE', 'OP', 'LTC', 'ARB', 'DOGE', 'INJ', 'SUI', 'kPEPE', 'CRV', 'LDO', 'LINK', 'STX', 'RNDR', 'CFX', 'FTM', 'GMX', 'SNX', 'XRP', 'BCH', 'APT', 'AAVE', 'COMP', 'MKR', 'WLD', 'FXS', 'HPOS', 'RLB', 'UNIBOT', 'YGG', 'TRX', 'kSHIB', 'UNI', 'SEI', 'RUNE', 'OX', 'FRIEND', 'SHIA', 'CYBER', 'ZRO', 'BLZ', 'DOT', 'BANANA', 'TRB', 'FTT', 'LOOM', 'OGN', 'RDNT', 'ARK', 'BNT', 'CANTO', 'REQ', 'BIGTIME', 'KAS', 'ORBS', 'BLUR', 'TIA', 'BSV', 'ADA', 'TON', 'MINA', 'POLYX', 'GAS', 'PENDLE', 'STG', 'FET', 'STRAX', 'NEAR', 'MEME', 'ORDI', 'BADGER', 'NEO', 'ZEN', 'FIL', 'PYTH', 'SUSHI', 'ILV', 'IMX', 'kBONK', 'GMT', 'SUPER', 'USTC', 'NFTI', 'JUP', 'kLUNC', 'RSR', 'GALA', 'JTO', 'NTRN', 'ACE', 'MAV', 'WIF', 'CAKE', 'PEOPLE', 'ENS', 'ETC', 'XAI', 'MANTA', 'UMA', 'ONDO', 'ALT', 'ZETA', 'DYM', 'MAVIA', 'W', 'PANDORA', 'STRK', 'PIXEL', 'AI', 'TAO', 'AR', 'MYRO', 'kFLOKI', 'BOME', 'ETHFI', 'ENA', 'MNT', 'TNSR', 'SAGA', 'MERL', 'HBAR', 'POPCAT', 'OMNI', 'EIGEN', 'REZ', 'NOT', 'TURBO', 'BRETT', 'IO', 'ZK', 'BLAST', 'LISTA', 'MEW', 'RENDER', 'kDOGS', 'POL', 'CATI', 'CELO', 'HMSTR', 'SCR', 'NEIROETH', 'kNEIRO', 'GOAT', 'MOODENG', 'GRASS', 'PURR', 'PNUT', 'XLM', 'CHILLGUY', 'SAND', 'IOTA', 'ALGO', 'HYPE', 'ME', 'MOVE', 'VIRTUAL', 'PENGU', 'USUAL', 'FARTCOIN', 'AI16Z', 'AIXBT', 'ZEREBRO', 'BIO', 'GRIFFAIN', 'SPX', 'S', 'MORPHO', 'TRUMP', 'MELANIA', 'ANIME', 'VINE', 'VVV', 'JELLY', 'BERA', 'TST', 'LAYER', 'IP', 'OM', 'KAITO', 'NIL', 'PAXG', 'PROMPT', 'BABY', 'WCT', 'HYPER', 'ZORA', 'INIT', 'DOOD', 'LAUNCHCOIN', 'NXPC']
2025-05-27 01:22:10,143 [INFO] Placing test order for XRP...
2025-05-27 01:22:10,143 [ERROR] Error in debug_exchange_order: string indices must be integers, not 'str'
2025-05-27 01:22:10,145 [ERROR] Traceback (most recent call last):
  File "/home/ubuntu/workspace/hyperliquidmaster/debug_exchange_order.py", line 59, in debug_exchange_order
    result = exchange.order(
             ^^^^^^^^^^^^^^^
  File "/home/ubuntu/workspace/hyperliquidmaster/hyperliquid/exchange.py", line 107, in order
    return self.bulk_orders([order], builder)
           ^^^^^^^^^^^^^^^^^^^^^^^^^^^^^^^^^^
  File "/home/ubuntu/workspace/hyperliquidmaster/hyperliquid/exchange.py", line 110, in bulk_orders
    order_wires: List[OrderWire] = [
                                   ^
  File "/home/ubuntu/workspace/hyperliquidmaster/hyperliquid/exchange.py", line 111, in <listcomp>
    order_request_to_order_wire(order, self.info.name_to_asset(order["coin"])) for order in order_requests
    ^^^^^^^^^^^^^^^^^^^^^^^^^^^^^^^^^^^^^^^^^^^^^^^^^^^^^^^^^^^^^^^^^^^^^^^^^^
  File "/home/ubuntu/workspace/hyperliquidmaster/hyperliquid/utils/signing.py", line 403, in order_request_to_order_wire
    "t": order_type_to_wire(order["order_type"]),
         ^^^^^^^^^^^^^^^^^^^^^^^^^^^^^^^^^^^^^^^
  File "/home/ubuntu/workspace/hyperliquidmaster/hyperliquid/utils/signing.py", line 121, in order_type_to_wire
    return {"limit": order_type["limit"]}
                     ~~~~~~~~~~^^^^^^^^^
TypeError: string indices must be integers, not 'str'

2025-05-27 01:23:09,367 [ERROR] Connection to remote host was lost. - goodbye
