2025-05-23 16:54:20,290 [INFO] Starting real market data collection from Hyperliquid...
2025-05-23 16:54:20,291 [INFO] Initializing Hyperliquid Data Collector...
2025-05-23 16:54:20,291 [INFO] Configuration loaded from config.json
2025-05-23 16:54:20,291 [INFO] Collecting data for symbols: ['BTC-USD-PERP', 'ETH-USD-PERP', 'SOL-USD-PERP'] with intervals: ['1h', '4h']
2025-05-23 16:54:20,291 [INFO] Collecting all real market data for symbols: ['BTC-USD-PERP', 'ETH-USD-PERP', 'SOL-USD-PERP']
2025-05-23 16:54:20,291 [INFO] Fetching historical klines for BTC-USD-PERP, interval 1h, limit 500...
2025-05-23 16:54:20,471 [ERROR] Error fetching historical klines: 404 
2025-05-23 16:54:20,472 [INFO] Fetching historical klines for BTC-USD-PERP, interval 4h, limit 500...
2025-05-23 16:54:20,636 [ERROR] Error fetching historical klines: 404 
2025-05-23 16:54:20,636 [INFO] Fetching funding rates for BTC-USD-PERP...
2025-05-23 16:54:20,807 [ERROR] Error fetching funding rates: 404 
2025-05-23 16:54:20,807 [INFO] Fetching order book for BTC-USD-PERP, depth 20...
2025-05-23 16:54:20,994 [ERROR] Error fetching order book: 404 
2025-05-23 16:54:20,994 [INFO] Fetching oracle prices for BTC-USD-PERP...
2025-05-23 16:54:21,212 [ERROR] Error fetching oracle prices: 404 
2025-05-23 16:54:21,213 [INFO] Streaming market data for BTC-USD-PERP for 300 seconds...
2025-05-23 16:59:21,607 [INFO] Successfully streamed market data for BTC-USD-PERP
2025-05-23 16:59:21,608 [INFO] Fetching historical klines for ETH-USD-PERP, interval 1h, limit 500...
2025-05-23 16:59:21,808 [ERROR] Error fetching historical klines: 404 
2025-05-23 16:59:21,809 [INFO] Fetching historical klines for ETH-USD-PERP, interval 4h, limit 500...
2025-05-23 16:59:21,981 [ERROR] Error fetching historical klines: 404 
2025-05-23 16:59:21,982 [INFO] Fetching funding rates for ETH-USD-PERP...
2025-05-23 16:59:22,145 [ERROR] Error fetching funding rates: 404 
2025-05-23 16:59:22,145 [INFO] Fetching order book for ETH-USD-PERP, depth 20...
2025-05-23 16:59:22,312 [ERROR] Error fetching order book: 404 
2025-05-23 16:59:22,312 [INFO] Fetching oracle prices for ETH-USD-PERP...
2025-05-23 16:59:22,484 [ERROR] Error fetching oracle prices: 404 
2025-05-23 16:59:22,484 [INFO] Streaming market data for ETH-USD-PERP for 300 seconds...
2025-05-23 17:04:22,813 [INFO] Successfully streamed market data for ETH-USD-PERP
2025-05-23 17:04:22,814 [INFO] Fetching historical klines for SOL-USD-PERP, interval 1h, limit 500...
2025-05-23 17:04:23,033 [ERROR] Error fetching historical klines: 404 
2025-05-23 17:04:23,033 [INFO] Fetching historical klines for SOL-USD-PERP, interval 4h, limit 500...
2025-05-23 17:04:23,203 [ERROR] Error fetching historical klines: 404 
2025-05-23 17:04:23,203 [INFO] Fetching funding rates for SOL-USD-PERP...
2025-05-23 17:04:23,380 [ERROR] Error fetching funding rates: 404 
2025-05-23 17:04:23,381 [INFO] Fetching order book for SOL-USD-PERP, depth 20...
2025-05-23 17:04:23,622 [ERROR] Error fetching order book: 404 
2025-05-23 17:04:23,623 [INFO] Fetching oracle prices for SOL-USD-PERP...
2025-05-23 17:04:23,800 [ERROR] Error fetching oracle prices: 404 
2025-05-23 17:04:23,800 [INFO] Streaming market data for SOL-USD-PERP for 300 seconds...
2025-05-23 17:09:24,414 [INFO] Successfully streamed market data for SOL-USD-PERP
2025-05-23 17:09:24,414 [INFO] Real market data collection completed
2025-05-23 17:09:24,414 [INFO] Processing collected real market data...
2025-05-23 17:09:24,414 [INFO] Processing collected real market data for symbols: ['BTC-USD-PERP', 'ETH-USD-PERP', 'SOL-USD-PERP']
2025-05-23 17:09:24,415 [ERROR] Historical data file not found: real_data/BTC-USD-PERP_1h_klines.csv
2025-05-23 17:09:24,415 [ERROR] Historical data file not found: real_data/BTC-USD-PERP_4h_klines.csv
2025-05-23 17:09:24,415 [ERROR] Historical data file not found: real_data/ETH-USD-PERP_1h_klines.csv
2025-05-23 17:09:24,415 [ERROR] Historical data file not found: real_data/ETH-USD-PERP_4h_klines.csv
2025-05-23 17:09:24,415 [ERROR] Historical data file not found: real_data/SOL-USD-PERP_1h_klines.csv
2025-05-23 17:09:24,415 [ERROR] Historical data file not found: real_data/SOL-USD-PERP_4h_klines.csv
2025-05-23 17:09:24,415 [INFO] Real market data processing completed
2025-05-23 17:09:24,415 [INFO] Data collection completed with results: {'symbols': ['BTC-USD-PERP', 'ETH-USD-PERP', 'SOL-USD-PERP'], 'intervals': ['1h', '4h'], 'stream_duration': 300, 'timestamp': '2025-05-23T16:54:20.291619', 'results': {'BTC-USD-PERP': {'historical_data': {'1h': False, '4h': False}, 'funding_rates': False, 'order_book': False, 'oracle_prices': False, 'streamed_data': True}, 'ETH-USD-PERP': {'historical_data': {'1h': False, '4h': False}, 'funding_rates': False, 'order_book': False, 'oracle_prices': False, 'streamed_data': True}, 'SOL-USD-PERP': {'historical_data': {'1h': False, '4h': False}, 'funding_rates': False, 'order_book': False, 'oracle_prices': False, 'streamed_data': True}}}
2025-05-23 17:09:24,415 [INFO] Data processing completed with results: {'symbols': ['BTC-USD-PERP', 'ETH-USD-PERP', 'SOL-USD-PERP'], 'intervals': ['1h', '4h'], 'timestamp': '2025-05-23T17:09:24.414982', 'results': {'BTC-USD-PERP': {'processed_data': {'1h': False, '4h': False}}, 'ETH-USD-PERP': {'processed_data': {'1h': False, '4h': False}}, 'SOL-USD-PERP': {'processed_data': {'1h': False, '4h': False}}}}
