2025-05-23 18:07:04,441 [INFO] Real-Money Trading Safeguards initialized with config: {
    "account_address": "0x1234567890abcdef1234567890abcdef12345678",
    "secret_key": "PLACEHOLDER_SECRET_KEY",
    "symbols": [
        "BTC-USD-PERP",
        "ETH-USD-PERP",
        "SOL-USD-PERP"
    ],
    "use_sentiment_analysis": true,
    "use_triple_confluence_strategy": true,
    "use_oracle_update_strategy": true,
    "risk_percent": 0.01,
    "max_drawdown_threshold": 0.07,
    "circuit_breaker_threshold": 0.05,
    "max_consecutive_losses": 3,
    "min_order_imbalance": 1.3,
    "funding_threshold": 1e-05,
    "min_price_deviation": 0.0015,
    "vwma_fast_period": 20,
    "vwma_slow_period": 50,
    "oracle_update_interval": 3,
    "max_trade_duration": 30,
    "data_update_interval": 5,
    "sentiment_update_interval": 300,
    "signal_confidence_threshold": 0.7,
    "taker_fee": 0.00042,
    "maker_fee": 0.00021,
    "safeguards": {}
}
2025-05-23 18:07:04,441 [ERROR] Error running live simulation: MasterOmniOverlordStrategy.__init__() missing 1 required positional argument: 'config'
2025-05-23 18:07:04,441 [ERROR] Traceback (most recent call last):
  File "/home/ubuntu/enhanced_bot/live_simulation.py", line 689, in main
    simulation = LiveSimulationEnvironment(initial_capital=10000.0)
                 ^^^^^^^^^^^^^^^^^^^^^^^^^^^^^^^^^^^^^^^^^^^^^^^^^^
  File "/home/ubuntu/enhanced_bot/live_simulation.py", line 58, in __init__
    self.strategy = MasterOmniOverlordStrategy()
                    ^^^^^^^^^^^^^^^^^^^^^^^^^^^^
TypeError: MasterOmniOverlordStrategy.__init__() missing 1 required positional argument: 'config'

