
================================================================================
TIME: 2025-05-27 20:54:22
SEVERITY: ERROR
CATEGORY: Test error
ERROR: test_function
CONTEXT: {}
TRACEBACK:

================================================================================

================================================================================
TIME: 2025-05-27 21:08:12
SEVERITY: ERROR
CATEGORY: Test error
ERROR: test_function
CONTEXT: {}
TRACEBACK:

================================================================================

================================================================================
TIME: 2025-05-27 21:10:59
SEVERITY: ERROR
CATEGORY: Test error
ERROR: test_function
CONTEXT: {}
TRACEBACK:

================================================================================

================================================================================
TIME: 2025-05-27 21:12:56
SEVERITY: ERROR
CATEGORY: Test error
ERROR: test_function
CONTEXT: {}
TRACEBACK:

================================================================================
